[2017-07-25T19:07:24,449][INFO ][o.e.n.Node               ] [] initializing ...
[2017-07-25T19:07:24,640][INFO ][o.e.e.NodeEnvironment    ] [L8w8On2] using [1] data paths, mounts [[/ (/dev/disk1)]], net usable_space [25.2gb], net total_space [232.6gb], spins? [unknown], types [hfs]
[2017-07-25T19:07:24,641][INFO ][o.e.e.NodeEnvironment    ] [L8w8On2] heap size [1.9gb], compressed ordinary object pointers [true]
[2017-07-25T19:07:24,645][INFO ][o.e.n.Node               ] node name [L8w8On2] derived from node ID [L8w8On2VQEy93TAGU8fSFw]; set [node.name] to override
[2017-07-25T19:07:24,645][INFO ][o.e.n.Node               ] version[5.5.1], pid[54819], build[19c13d0/2017-07-18T20:44:24.823Z], OS[Mac OS X/10.12.5/x86_64], JVM[Oracle Corporation/Java HotSpot(TM) 64-Bit Server VM/1.8.0_102/25.102-b14]
[2017-07-25T19:07:24,646][INFO ][o.e.n.Node               ] JVM arguments [-Xms2g, -Xmx2g, -XX:+UseConcMarkSweepGC, -XX:CMSInitiatingOccupancyFraction=75, -XX:+UseCMSInitiatingOccupancyOnly, -XX:+AlwaysPreTouch, -Xss1m, -Djava.awt.headless=true, -Dfile.encoding=UTF-8, -Djna.nosys=true, -Djdk.io.permissionsUseCanonicalPath=true, -Dio.netty.noUnsafe=true, -Dio.netty.noKeySetOptimization=true, -Dio.netty.recycler.maxCapacityPerThread=0, -Dlog4j.shutdownHookEnabled=false, -Dlog4j2.disable.jmx=true, -Dlog4j.skipJansi=true, -XX:+HeapDumpOnOutOfMemoryError, -Des.path.home=/Users/Tina/Documents/S3/EDISS/PROJ_local/elasticsearch-5.5.1]
[2017-07-25T19:07:27,474][INFO ][o.e.p.PluginsService     ] [L8w8On2] loaded module [aggs-matrix-stats]
[2017-07-25T19:07:27,474][INFO ][o.e.p.PluginsService     ] [L8w8On2] loaded module [ingest-common]
[2017-07-25T19:07:27,474][INFO ][o.e.p.PluginsService     ] [L8w8On2] loaded module [lang-expression]
[2017-07-25T19:07:27,475][INFO ][o.e.p.PluginsService     ] [L8w8On2] loaded module [lang-groovy]
[2017-07-25T19:07:27,475][INFO ][o.e.p.PluginsService     ] [L8w8On2] loaded module [lang-mustache]
[2017-07-25T19:07:27,475][INFO ][o.e.p.PluginsService     ] [L8w8On2] loaded module [lang-painless]
[2017-07-25T19:07:27,475][INFO ][o.e.p.PluginsService     ] [L8w8On2] loaded module [parent-join]
[2017-07-25T19:07:27,476][INFO ][o.e.p.PluginsService     ] [L8w8On2] loaded module [percolator]
[2017-07-25T19:07:27,476][INFO ][o.e.p.PluginsService     ] [L8w8On2] loaded module [reindex]
[2017-07-25T19:07:27,477][INFO ][o.e.p.PluginsService     ] [L8w8On2] loaded module [transport-netty3]
[2017-07-25T19:07:27,477][INFO ][o.e.p.PluginsService     ] [L8w8On2] loaded module [transport-netty4]
[2017-07-25T19:07:27,478][INFO ][o.e.p.PluginsService     ] [L8w8On2] no plugins loaded
[2017-07-25T19:07:30,164][INFO ][o.e.d.DiscoveryModule    ] [L8w8On2] using discovery type [zen]
[2017-07-25T19:07:31,233][INFO ][o.e.n.Node               ] initialized
[2017-07-25T19:07:31,233][INFO ][o.e.n.Node               ] [L8w8On2] starting ...
[2017-07-25T19:07:31,673][INFO ][o.e.t.TransportService   ] [L8w8On2] publish_address {127.0.0.1:9300}, bound_addresses {[fe80::1]:9300}, {[::1]:9300}, {127.0.0.1:9300}
[2017-07-25T19:07:34,916][INFO ][o.e.c.s.ClusterService   ] [L8w8On2] new_master {L8w8On2}{L8w8On2VQEy93TAGU8fSFw}{ucmyD2s-TIafp-BZpJQCEg}{127.0.0.1}{127.0.0.1:9300}, reason: zen-disco-elected-as-master ([0] nodes joined)
[2017-07-25T19:07:34,952][INFO ][o.e.h.n.Netty4HttpServerTransport] [L8w8On2] publish_address {127.0.0.1:9200}, bound_addresses {[fe80::1]:9200}, {[::1]:9200}, {127.0.0.1:9200}
[2017-07-25T19:07:34,952][INFO ][o.e.n.Node               ] [L8w8On2] started
[2017-07-25T19:07:34,970][INFO ][o.e.g.GatewayService     ] [L8w8On2] recovered [0] indices into cluster_state
[2017-07-25T19:08:04,944][INFO ][o.e.c.r.a.DiskThresholdMonitor] [L8w8On2] low disk watermark [85%] exceeded on [L8w8On2VQEy93TAGU8fSFw][L8w8On2][/Users/Tina/Documents/S3/EDISS/PROJ_local/elasticsearch-5.5.1/data/nodes/0] free: 24.2gb[10.4%], replicas will not be assigned to this node
[2017-07-25T19:08:34,948][INFO ][o.e.c.r.a.DiskThresholdMonitor] [L8w8On2] low disk watermark [85%] exceeded on [L8w8On2VQEy93TAGU8fSFw][L8w8On2][/Users/Tina/Documents/S3/EDISS/PROJ_local/elasticsearch-5.5.1/data/nodes/0] free: 24.2gb[10.4%], replicas will not be assigned to this node
[2017-07-25T19:09:04,953][INFO ][o.e.c.r.a.DiskThresholdMonitor] [L8w8On2] low disk watermark [85%] exceeded on [L8w8On2VQEy93TAGU8fSFw][L8w8On2][/Users/Tina/Documents/S3/EDISS/PROJ_local/elasticsearch-5.5.1/data/nodes/0] free: 24.2gb[10.4%], replicas will not be assigned to this node
[2017-07-25T19:09:34,960][INFO ][o.e.c.r.a.DiskThresholdMonitor] [L8w8On2] low disk watermark [85%] exceeded on [L8w8On2VQEy93TAGU8fSFw][L8w8On2][/Users/Tina/Documents/S3/EDISS/PROJ_local/elasticsearch-5.5.1/data/nodes/0] free: 24.2gb[10.4%], replicas will not be assigned to this node
[2017-07-25T19:10:04,968][INFO ][o.e.c.r.a.DiskThresholdMonitor] [L8w8On2] low disk watermark [85%] exceeded on [L8w8On2VQEy93TAGU8fSFw][L8w8On2][/Users/Tina/Documents/S3/EDISS/PROJ_local/elasticsearch-5.5.1/data/nodes/0] free: 24.2gb[10.4%], replicas will not be assigned to this node
[2017-07-25T19:10:34,974][INFO ][o.e.c.r.a.DiskThresholdMonitor] [L8w8On2] low disk watermark [85%] exceeded on [L8w8On2VQEy93TAGU8fSFw][L8w8On2][/Users/Tina/Documents/S3/EDISS/PROJ_local/elasticsearch-5.5.1/data/nodes/0] free: 24.2gb[10.4%], replicas will not be assigned to this node
[2017-07-25T19:11:04,978][INFO ][o.e.c.r.a.DiskThresholdMonitor] [L8w8On2] low disk watermark [85%] exceeded on [L8w8On2VQEy93TAGU8fSFw][L8w8On2][/Users/Tina/Documents/S3/EDISS/PROJ_local/elasticsearch-5.5.1/data/nodes/0] free: 24.2gb[10.4%], replicas will not be assigned to this node
[2017-07-25T19:11:34,982][INFO ][o.e.c.r.a.DiskThresholdMonitor] [L8w8On2] low disk watermark [85%] exceeded on [L8w8On2VQEy93TAGU8fSFw][L8w8On2][/Users/Tina/Documents/S3/EDISS/PROJ_local/elasticsearch-5.5.1/data/nodes/0] free: 24.2gb[10.4%], replicas will not be assigned to this node
[2017-07-25T19:11:53,982][INFO ][o.e.n.Node               ] [L8w8On2] stopping ...
[2017-07-25T19:11:54,007][INFO ][o.e.n.Node               ] [L8w8On2] stopped
[2017-07-25T19:11:54,007][INFO ][o.e.n.Node               ] [L8w8On2] closing ...
[2017-07-25T19:11:54,020][INFO ][o.e.n.Node               ] [L8w8On2] closed
[2017-07-25T19:14:04,814][INFO ][o.e.n.Node               ] [] initializing ...
[2017-07-25T19:14:04,906][INFO ][o.e.e.NodeEnvironment    ] [L8w8On2] using [1] data paths, mounts [[/ (/dev/disk1)]], net usable_space [24.2gb], net total_space [232.6gb], spins? [unknown], types [hfs]
[2017-07-25T19:14:04,907][INFO ][o.e.e.NodeEnvironment    ] [L8w8On2] heap size [1.9gb], compressed ordinary object pointers [true]
[2017-07-25T19:14:04,909][INFO ][o.e.n.Node               ] node name [L8w8On2] derived from node ID [L8w8On2VQEy93TAGU8fSFw]; set [node.name] to override
[2017-07-25T19:14:04,910][INFO ][o.e.n.Node               ] version[5.5.1], pid[57864], build[19c13d0/2017-07-18T20:44:24.823Z], OS[Mac OS X/10.12.5/x86_64], JVM[Oracle Corporation/Java HotSpot(TM) 64-Bit Server VM/1.8.0_102/25.102-b14]
[2017-07-25T19:14:04,910][INFO ][o.e.n.Node               ] JVM arguments [-Xms2g, -Xmx2g, -XX:+UseConcMarkSweepGC, -XX:CMSInitiatingOccupancyFraction=75, -XX:+UseCMSInitiatingOccupancyOnly, -XX:+AlwaysPreTouch, -Xss1m, -Djava.awt.headless=true, -Dfile.encoding=UTF-8, -Djna.nosys=true, -Djdk.io.permissionsUseCanonicalPath=true, -Dio.netty.noUnsafe=true, -Dio.netty.noKeySetOptimization=true, -Dio.netty.recycler.maxCapacityPerThread=0, -Dlog4j.shutdownHookEnabled=false, -Dlog4j2.disable.jmx=true, -Dlog4j.skipJansi=true, -XX:+HeapDumpOnOutOfMemoryError, -Des.path.home=/Users/Tina/Documents/S3/EDISS/PROJ_local/elasticsearch-5.5.1]
[2017-07-25T19:14:07,814][INFO ][o.e.p.PluginsService     ] [L8w8On2] loaded module [aggs-matrix-stats]
[2017-07-25T19:14:07,815][INFO ][o.e.p.PluginsService     ] [L8w8On2] loaded module [ingest-common]
[2017-07-25T19:14:07,815][INFO ][o.e.p.PluginsService     ] [L8w8On2] loaded module [lang-expression]
[2017-07-25T19:14:07,815][INFO ][o.e.p.PluginsService     ] [L8w8On2] loaded module [lang-groovy]
[2017-07-25T19:14:07,819][INFO ][o.e.p.PluginsService     ] [L8w8On2] loaded module [lang-mustache]
[2017-07-25T19:14:07,820][INFO ][o.e.p.PluginsService     ] [L8w8On2] loaded module [lang-painless]
[2017-07-25T19:14:07,820][INFO ][o.e.p.PluginsService     ] [L8w8On2] loaded module [parent-join]
[2017-07-25T19:14:07,821][INFO ][o.e.p.PluginsService     ] [L8w8On2] loaded module [percolator]
[2017-07-25T19:14:07,822][INFO ][o.e.p.PluginsService     ] [L8w8On2] loaded module [reindex]
[2017-07-25T19:14:07,822][INFO ][o.e.p.PluginsService     ] [L8w8On2] loaded module [transport-netty3]
[2017-07-25T19:14:07,822][INFO ][o.e.p.PluginsService     ] [L8w8On2] loaded module [transport-netty4]
[2017-07-25T19:14:07,823][INFO ][o.e.p.PluginsService     ] [L8w8On2] no plugins loaded
[2017-07-25T19:14:10,740][INFO ][o.e.d.DiscoveryModule    ] [L8w8On2] using discovery type [zen]
[2017-07-25T19:14:11,591][INFO ][o.e.n.Node               ] initialized
[2017-07-25T19:14:11,591][INFO ][o.e.n.Node               ] [L8w8On2] starting ...
[2017-07-25T19:14:12,008][INFO ][o.e.t.TransportService   ] [L8w8On2] publish_address {127.0.0.1:9300}, bound_addresses {[fe80::1]:9300}, {[::1]:9300}, {127.0.0.1:9300}
[2017-07-25T19:14:15,089][INFO ][o.e.c.s.ClusterService   ] [L8w8On2] new_master {L8w8On2}{L8w8On2VQEy93TAGU8fSFw}{B6L9uY8UQMil44h2QCSx1Q}{127.0.0.1}{127.0.0.1:9300}, reason: zen-disco-elected-as-master ([0] nodes joined)
[2017-07-25T19:14:15,119][INFO ][o.e.g.GatewayService     ] [L8w8On2] recovered [0] indices into cluster_state
[2017-07-25T19:14:15,121][INFO ][o.e.h.n.Netty4HttpServerTransport] [L8w8On2] publish_address {127.0.0.1:9200}, bound_addresses {[fe80::1]:9200}, {[::1]:9200}, {127.0.0.1:9200}
[2017-07-25T19:14:15,121][INFO ][o.e.n.Node               ] [L8w8On2] started
[2017-07-25T19:14:45,130][INFO ][o.e.c.r.a.DiskThresholdMonitor] [L8w8On2] low disk watermark [85%] exceeded on [L8w8On2VQEy93TAGU8fSFw][L8w8On2][/Users/Tina/Documents/S3/EDISS/PROJ_local/elasticsearch-5.5.1/data/nodes/0] free: 24.2gb[10.4%], replicas will not be assigned to this node
[2017-07-25T19:15:15,147][INFO ][o.e.c.r.a.DiskThresholdMonitor] [L8w8On2] low disk watermark [85%] exceeded on [L8w8On2VQEy93TAGU8fSFw][L8w8On2][/Users/Tina/Documents/S3/EDISS/PROJ_local/elasticsearch-5.5.1/data/nodes/0] free: 24.2gb[10.4%], replicas will not be assigned to this node
[2017-07-25T19:15:45,153][INFO ][o.e.c.r.a.DiskThresholdMonitor] [L8w8On2] low disk watermark [85%] exceeded on [L8w8On2VQEy93TAGU8fSFw][L8w8On2][/Users/Tina/Documents/S3/EDISS/PROJ_local/elasticsearch-5.5.1/data/nodes/0] free: 24.2gb[10.4%], replicas will not be assigned to this node
[2017-07-25T19:16:15,161][INFO ][o.e.c.r.a.DiskThresholdMonitor] [L8w8On2] low disk watermark [85%] exceeded on [L8w8On2VQEy93TAGU8fSFw][L8w8On2][/Users/Tina/Documents/S3/EDISS/PROJ_local/elasticsearch-5.5.1/data/nodes/0] free: 24.2gb[10.4%], replicas will not be assigned to this node
[2017-07-25T19:16:45,164][INFO ][o.e.c.r.a.DiskThresholdMonitor] [L8w8On2] low disk watermark [85%] exceeded on [L8w8On2VQEy93TAGU8fSFw][L8w8On2][/Users/Tina/Documents/S3/EDISS/PROJ_local/elasticsearch-5.5.1/data/nodes/0] free: 24.2gb[10.4%], replicas will not be assigned to this node
[2017-07-25T19:17:15,169][INFO ][o.e.c.r.a.DiskThresholdMonitor] [L8w8On2] low disk watermark [85%] exceeded on [L8w8On2VQEy93TAGU8fSFw][L8w8On2][/Users/Tina/Documents/S3/EDISS/PROJ_local/elasticsearch-5.5.1/data/nodes/0] free: 24.2gb[10.4%], replicas will not be assigned to this node
[2017-07-25T19:17:45,175][INFO ][o.e.c.r.a.DiskThresholdMonitor] [L8w8On2] low disk watermark [85%] exceeded on [L8w8On2VQEy93TAGU8fSFw][L8w8On2][/Users/Tina/Documents/S3/EDISS/PROJ_local/elasticsearch-5.5.1/data/nodes/0] free: 24.2gb[10.4%], replicas will not be assigned to this node
[2017-07-25T19:18:15,179][INFO ][o.e.c.r.a.DiskThresholdMonitor] [L8w8On2] low disk watermark [85%] exceeded on [L8w8On2VQEy93TAGU8fSFw][L8w8On2][/Users/Tina/Documents/S3/EDISS/PROJ_local/elasticsearch-5.5.1/data/nodes/0] free: 24.2gb[10.4%], replicas will not be assigned to this node
[2017-07-25T19:18:45,183][INFO ][o.e.c.r.a.DiskThresholdMonitor] [L8w8On2] low disk watermark [85%] exceeded on [L8w8On2VQEy93TAGU8fSFw][L8w8On2][/Users/Tina/Documents/S3/EDISS/PROJ_local/elasticsearch-5.5.1/data/nodes/0] free: 24.2gb[10.4%], replicas will not be assigned to this node
[2017-07-25T19:19:15,190][INFO ][o.e.c.r.a.DiskThresholdMonitor] [L8w8On2] low disk watermark [85%] exceeded on [L8w8On2VQEy93TAGU8fSFw][L8w8On2][/Users/Tina/Documents/S3/EDISS/PROJ_local/elasticsearch-5.5.1/data/nodes/0] free: 24.2gb[10.4%], replicas will not be assigned to this node
[2017-07-25T19:19:45,196][INFO ][o.e.c.r.a.DiskThresholdMonitor] [L8w8On2] low disk watermark [85%] exceeded on [L8w8On2VQEy93TAGU8fSFw][L8w8On2][/Users/Tina/Documents/S3/EDISS/PROJ_local/elasticsearch-5.5.1/data/nodes/0] free: 24.2gb[10.4%], replicas will not be assigned to this node
[2017-07-25T19:20:15,200][INFO ][o.e.c.r.a.DiskThresholdMonitor] [L8w8On2] low disk watermark [85%] exceeded on [L8w8On2VQEy93TAGU8fSFw][L8w8On2][/Users/Tina/Documents/S3/EDISS/PROJ_local/elasticsearch-5.5.1/data/nodes/0] free: 24.2gb[10.4%], replicas will not be assigned to this node
[2017-07-25T19:20:45,203][INFO ][o.e.c.r.a.DiskThresholdMonitor] [L8w8On2] low disk watermark [85%] exceeded on [L8w8On2VQEy93TAGU8fSFw][L8w8On2][/Users/Tina/Documents/S3/EDISS/PROJ_local/elasticsearch-5.5.1/data/nodes/0] free: 24.2gb[10.4%], replicas will not be assigned to this node
[2017-07-25T19:21:15,208][INFO ][o.e.c.r.a.DiskThresholdMonitor] [L8w8On2] low disk watermark [85%] exceeded on [L8w8On2VQEy93TAGU8fSFw][L8w8On2][/Users/Tina/Documents/S3/EDISS/PROJ_local/elasticsearch-5.5.1/data/nodes/0] free: 24.2gb[10.4%], replicas will not be assigned to this node
[2017-07-25T19:21:45,212][INFO ][o.e.c.r.a.DiskThresholdMonitor] [L8w8On2] low disk watermark [85%] exceeded on [L8w8On2VQEy93TAGU8fSFw][L8w8On2][/Users/Tina/Documents/S3/EDISS/PROJ_local/elasticsearch-5.5.1/data/nodes/0] free: 24.2gb[10.4%], replicas will not be assigned to this node
[2017-07-25T19:22:15,214][INFO ][o.e.c.r.a.DiskThresholdMonitor] [L8w8On2] low disk watermark [85%] exceeded on [L8w8On2VQEy93TAGU8fSFw][L8w8On2][/Users/Tina/Documents/S3/EDISS/PROJ_local/elasticsearch-5.5.1/data/nodes/0] free: 24.2gb[10.4%], replicas will not be assigned to this node
[2017-07-25T19:22:45,220][INFO ][o.e.c.r.a.DiskThresholdMonitor] [L8w8On2] low disk watermark [85%] exceeded on [L8w8On2VQEy93TAGU8fSFw][L8w8On2][/Users/Tina/Documents/S3/EDISS/PROJ_local/elasticsearch-5.5.1/data/nodes/0] free: 24.2gb[10.4%], replicas will not be assigned to this node
[2017-07-25T19:23:15,223][INFO ][o.e.c.r.a.DiskThresholdMonitor] [L8w8On2] low disk watermark [85%] exceeded on [L8w8On2VQEy93TAGU8fSFw][L8w8On2][/Users/Tina/Documents/S3/EDISS/PROJ_local/elasticsearch-5.5.1/data/nodes/0] free: 24.2gb[10.4%], replicas will not be assigned to this node
[2017-07-25T19:23:45,227][INFO ][o.e.c.r.a.DiskThresholdMonitor] [L8w8On2] low disk watermark [85%] exceeded on [L8w8On2VQEy93TAGU8fSFw][L8w8On2][/Users/Tina/Documents/S3/EDISS/PROJ_local/elasticsearch-5.5.1/data/nodes/0] free: 24.2gb[10.4%], replicas will not be assigned to this node
[2017-07-25T19:24:15,234][INFO ][o.e.c.r.a.DiskThresholdMonitor] [L8w8On2] low disk watermark [85%] exceeded on [L8w8On2VQEy93TAGU8fSFw][L8w8On2][/Users/Tina/Documents/S3/EDISS/PROJ_local/elasticsearch-5.5.1/data/nodes/0] free: 24.2gb[10.4%], replicas will not be assigned to this node
[2017-07-25T19:24:45,239][INFO ][o.e.c.r.a.DiskThresholdMonitor] [L8w8On2] low disk watermark [85%] exceeded on [L8w8On2VQEy93TAGU8fSFw][L8w8On2][/Users/Tina/Documents/S3/EDISS/PROJ_local/elasticsearch-5.5.1/data/nodes/0] free: 24.2gb[10.4%], replicas will not be assigned to this node
[2017-07-25T19:25:15,247][INFO ][o.e.c.r.a.DiskThresholdMonitor] [L8w8On2] low disk watermark [85%] exceeded on [L8w8On2VQEy93TAGU8fSFw][L8w8On2][/Users/Tina/Documents/S3/EDISS/PROJ_local/elasticsearch-5.5.1/data/nodes/0] free: 24.2gb[10.4%], replicas will not be assigned to this node
[2017-07-25T19:25:45,252][INFO ][o.e.c.r.a.DiskThresholdMonitor] [L8w8On2] low disk watermark [85%] exceeded on [L8w8On2VQEy93TAGU8fSFw][L8w8On2][/Users/Tina/Documents/S3/EDISS/PROJ_local/elasticsearch-5.5.1/data/nodes/0] free: 24.2gb[10.4%], replicas will not be assigned to this node
[2017-07-25T19:26:15,259][INFO ][o.e.c.r.a.DiskThresholdMonitor] [L8w8On2] low disk watermark [85%] exceeded on [L8w8On2VQEy93TAGU8fSFw][L8w8On2][/Users/Tina/Documents/S3/EDISS/PROJ_local/elasticsearch-5.5.1/data/nodes/0] free: 24.2gb[10.4%], replicas will not be assigned to this node
[2017-07-25T19:26:45,261][INFO ][o.e.c.r.a.DiskThresholdMonitor] [L8w8On2] low disk watermark [85%] exceeded on [L8w8On2VQEy93TAGU8fSFw][L8w8On2][/Users/Tina/Documents/S3/EDISS/PROJ_local/elasticsearch-5.5.1/data/nodes/0] free: 24.2gb[10.4%], replicas will not be assigned to this node
[2017-07-25T19:27:15,269][INFO ][o.e.c.r.a.DiskThresholdMonitor] [L8w8On2] low disk watermark [85%] exceeded on [L8w8On2VQEy93TAGU8fSFw][L8w8On2][/Users/Tina/Documents/S3/EDISS/PROJ_local/elasticsearch-5.5.1/data/nodes/0] free: 24.2gb[10.4%], replicas will not be assigned to this node
[2017-07-25T19:27:45,275][INFO ][o.e.c.r.a.DiskThresholdMonitor] [L8w8On2] low disk watermark [85%] exceeded on [L8w8On2VQEy93TAGU8fSFw][L8w8On2][/Users/Tina/Documents/S3/EDISS/PROJ_local/elasticsearch-5.5.1/data/nodes/0] free: 24.2gb[10.4%], replicas will not be assigned to this node
[2017-07-25T19:28:15,278][INFO ][o.e.c.r.a.DiskThresholdMonitor] [L8w8On2] low disk watermark [85%] exceeded on [L8w8On2VQEy93TAGU8fSFw][L8w8On2][/Users/Tina/Documents/S3/EDISS/PROJ_local/elasticsearch-5.5.1/data/nodes/0] free: 24.2gb[10.4%], replicas will not be assigned to this node
[2017-07-25T19:28:45,283][INFO ][o.e.c.r.a.DiskThresholdMonitor] [L8w8On2] low disk watermark [85%] exceeded on [L8w8On2VQEy93TAGU8fSFw][L8w8On2][/Users/Tina/Documents/S3/EDISS/PROJ_local/elasticsearch-5.5.1/data/nodes/0] free: 24.2gb[10.4%], replicas will not be assigned to this node
[2017-07-25T19:29:15,286][INFO ][o.e.c.r.a.DiskThresholdMonitor] [L8w8On2] low disk watermark [85%] exceeded on [L8w8On2VQEy93TAGU8fSFw][L8w8On2][/Users/Tina/Documents/S3/EDISS/PROJ_local/elasticsearch-5.5.1/data/nodes/0] free: 24.2gb[10.4%], replicas will not be assigned to this node
[2017-07-25T19:29:45,288][INFO ][o.e.c.r.a.DiskThresholdMonitor] [L8w8On2] low disk watermark [85%] exceeded on [L8w8On2VQEy93TAGU8fSFw][L8w8On2][/Users/Tina/Documents/S3/EDISS/PROJ_local/elasticsearch-5.5.1/data/nodes/0] free: 24.2gb[10.4%], replicas will not be assigned to this node
[2017-07-25T19:30:15,295][INFO ][o.e.c.r.a.DiskThresholdMonitor] [L8w8On2] low disk watermark [85%] exceeded on [L8w8On2VQEy93TAGU8fSFw][L8w8On2][/Users/Tina/Documents/S3/EDISS/PROJ_local/elasticsearch-5.5.1/data/nodes/0] free: 24.2gb[10.4%], replicas will not be assigned to this node
[2017-07-25T19:30:45,300][INFO ][o.e.c.r.a.DiskThresholdMonitor] [L8w8On2] low disk watermark [85%] exceeded on [L8w8On2VQEy93TAGU8fSFw][L8w8On2][/Users/Tina/Documents/S3/EDISS/PROJ_local/elasticsearch-5.5.1/data/nodes/0] free: 24.2gb[10.4%], replicas will not be assigned to this node
[2017-07-25T19:31:15,304][INFO ][o.e.c.r.a.DiskThresholdMonitor] [L8w8On2] low disk watermark [85%] exceeded on [L8w8On2VQEy93TAGU8fSFw][L8w8On2][/Users/Tina/Documents/S3/EDISS/PROJ_local/elasticsearch-5.5.1/data/nodes/0] free: 24.2gb[10.4%], replicas will not be assigned to this node
[2017-07-25T19:31:45,310][INFO ][o.e.c.r.a.DiskThresholdMonitor] [L8w8On2] low disk watermark [85%] exceeded on [L8w8On2VQEy93TAGU8fSFw][L8w8On2][/Users/Tina/Documents/S3/EDISS/PROJ_local/elasticsearch-5.5.1/data/nodes/0] free: 24.2gb[10.4%], replicas will not be assigned to this node
[2017-07-25T19:31:51,532][INFO ][o.e.n.Node               ] [L8w8On2] stopping ...
[2017-07-25T19:31:51,563][INFO ][o.e.n.Node               ] [L8w8On2] stopped
[2017-07-25T19:31:51,563][INFO ][o.e.n.Node               ] [L8w8On2] closing ...
[2017-07-25T19:31:51,575][INFO ][o.e.n.Node               ] [L8w8On2] closed
